<?xml version="1.0" encoding="UTF-8"?>
<coverage generated="1674486557195" clover="3.2.0">
  <project timestamp="1674486557195" name="All files">
    <metrics statements="2" coveredstatements="2" conditionals="0" coveredconditionals="0" methods="1" coveredmethods="1" elements="3" coveredelements="3" complexity="0" loc="2" ncloc="2" packages="1" files="1" classes="1"/>
    <file name="db.helpers.ts" path="/home/runner/work/eluna-ts/eluna-ts/deps/eluna-ts-lib/src/db.helpers.ts">
      <metrics statements="2" coveredstatements="2" conditionals="0" coveredconditionals="0" methods="1" coveredmethods="1"/>
      <line num="7" count="1" type="stmt"/>
      <line num="8" count="2" type="stmt"/>
    </file>
  </project>
</coverage>
