{"/home/runner/work/eluna-ts/eluna-ts/deps/eluna-ts-lib/src/db.helpers.ts": {"path":"/home/runner/work/eluna-ts/eluna-ts/deps/eluna-ts-lib/src/db.helpers.ts","statementMap":{"0":{"start":{"line":8,"column":2},"end":{"line":12,"column":7}},"1":{"start":{"line":7,"column":0},"end":{"line":7,"column":16}}},"fnMap":{"0":{"name":"stringSanitizer","decl":{"start":{"line":7,"column":16},"end":{"line":7,"column":31}},"loc":{"start":{"line":7,"column":43},"end":{"line":13,"column":1}}}},"branchMap":{},"s":{"0":2,"1":1},"f":{"0":2},"b":{}}
}
